<?xml version="1.0" encoding="UTF-8"?>
<!-- Generated by org.testng.reporters.JUnitXMLReporter -->
<testsuite ignored="0" hostname="COLLABPH1003073" failures="0" tests="3" name="Default test" time="116.238" errors="0" timestamp="2023-12-04T11:55:05 SGT">
  <testcase classname="com.browserstack.FinalExamPOC" name="myBank_01" time="10.205"/>
  <testcase classname="com.browserstack.FinalExamPOC" name="myBank_02" time="16.361"/>
  <testcase classname="com.browserstack.FinalExamPOC" name="myBank_03" time="18.006"/>
</testsuite> <!-- Default test -->
