<?xml version="1.0" encoding="UTF-8"?>
<!-- Generated by org.testng.reporters.JUnitXMLReporter -->
<testsuite ignored="0" hostname="COLLABPH1003073" failures="0" tests="3" name="My Bank Test " time="139.013" errors="0" timestamp="2023-12-06T04:06:40 SGT">
  <testcase classname="com.myBank.utility.BaseClass" name="@AfterMethod tearDown" time="0.0">
    <failure type="java.lang.AssertionError" message="The following asserts failed:
	 - FAILED : Toast message verification failed">
      <![CDATA[java.lang.AssertionError: The following asserts failed:
 - FAILED : Toast message verification failed
at com.myBank.utility.BaseClass.tearDown(BaseClass.java:81)
at java.base/java.util.ArrayList.forEach(ArrayList.java:1511)
... Removed 34 stack frames]]>
    </failure>
  </testcase> <!-- @AfterMethod tearDown -->
  <testcase classname="com.browserstack.FinalExamPOC_MyBank_01" name="myBank_01" time="20.319"/>
  <testcase classname="com.browserstack.FinalExamPOC_MyBank_02" name="myBank_02" time="17.555"/>
  <testcase classname="com.browserstack.FinalExamPOC_MyBank_03" name="myBank_03" time="24.806"/>
</testsuite> <!-- My Bank Test  -->
