<?xml version="1.0" encoding="UTF-8"?>
<!-- Generated by org.testng.reporters.JUnitXMLReporter -->
<testsuite ignored="0" hostname="COLLABPH1003073" failures="1" tests="4" name="My Bank Test " time="204.009" errors="0" timestamp="2023-12-13T11:15:38 SGT">
  <testcase classname="com.browserstack.FinalExamPOC_MyBank_01" name="myBank_01" time="19.477"/>
  <testcase classname="com.browserstack.FinalExamPOC_MyBank_02" name="myBank_02" time="14.295"/>
  <testcase classname="com.browserstack.FinalExamPOC_MyBank_03" name="myBank_03" time="18.988"/>
  <testcase classname="com.browserstack.FinalExamPOC_MyBank_04" name="myBank_04" time="41.621">
    <failure type="java.lang.AssertionError" message="The following asserts failed:
	 - FAILED : Insufficient User Balance,
	 - FAILED : Transaction has been cancelled by Meenakshi">
      <![CDATA[java.lang.AssertionError: The following asserts failed:
 - FAILED : Insufficient User Balance,
 - FAILED : Transaction has been cancelled by Meenakshi
at com.myBank.utility.Utils.getAssertions(Utils.java:227)
at com.browserstack.FinalExamPOC_MyBank_04.myBank_04(FinalExamPOC_MyBank_04.java:34)
at java.base/java.util.ArrayList.forEach(ArrayList.java:1511)
... Removed 29 stack frames]]>
    </failure>
  </testcase> <!-- myBank_04 -->
</testsuite> <!-- My Bank Test  -->
