<?xml version="1.0" encoding="UTF-8"?>
<testng-results ignored="0" total="1" passed="1" failed="0" skipped="0">
  <reporter-output>
  </reporter-output>
  <suite started-at="2023-11-22T02:43:26 SGT" name="Default suite" finished-at="2023-11-22T02:43:27 SGT" duration-ms="331">
    <groups>
    </groups>
    <test started-at="2023-11-22T02:43:26 SGT" name="Default test" finished-at="2023-11-22T02:43:27 SGT" duration-ms="331">
      <class name="com.myBank.testdata.TestData">
        <test-method signature="readData()[pri:0, instance:com.myBank.testdata.TestData@53de625d]" started-at="2023-11-22T02:43:26 SGT" name="readData" finished-at="2023-11-22T02:43:27 SGT" duration-ms="312" status="PASS">
          <reporter-output>
          </reporter-output>
        </test-method> <!-- readData -->
      </class> <!-- com.myBank.testdata.TestData -->
    </test> <!-- Default test -->
  </suite> <!-- Default suite -->
</testng-results>
