<?xml version="1.0" encoding="UTF-8"?>
<!-- Generated by org.testng.reporters.JUnitXMLReporter -->
<testsuite ignored="0" hostname="COLLABPH1003073" failures="0" tests="3" name="FirstTest" time="112.187" errors="0" timestamp="2023-12-06T03:24:16 SGT">
  <testcase classname="com.myBank.utility.BaseClass" name="@AfterMethod tearDown" time="0.0">
    <failure type="java.lang.AssertionError" message="The following asserts failed:
	 - FAILED : Insufficient User Balance,
	 - FAILED : Transaction has been cancelled by Nikita">
      <![CDATA[java.lang.AssertionError: The following asserts failed:
 - FAILED : Insufficient User Balance,
 - FAILED : Transaction has been cancelled by Nikita
at com.myBank.utility.BaseClass.tearDown(BaseClass.java:91)
at java.base/java.util.ArrayList.forEach(ArrayList.java:1511)
... Removed 34 stack frames]]>
    </failure>
  </testcase> <!-- @AfterMethod tearDown -->
  <testcase classname="com.browserstack.FinalExamPOC_MyBank_01" name="myBank_01" time="9.827"/>
  <testcase classname="com.browserstack.FinalExamPOC_MyBank_02" name="myBank_02" time="9.452"/>
  <testcase classname="com.browserstack.FinalExamPOC_MyBank_03" name="myBank_03" time="23.267"/>
</testsuite> <!-- FirstTest -->
